# JRE version: OpenJDK Runtime Environment Temurin-17.0.6+10 (17.0.6+10) (build 17.0.6+10)
# Java VM: OpenJDK 64-Bit Server VM Temurin-17.0.6+10 (17.0.6+10, mixed mode, tiered, compressed oops, compressed class ptrs, g1 gc, windows-amd64)
GC Precious Log:
 CPUs: 8 total, 8 available
 Memory: 15741M
 Large Page Support: Disabled
 NUMA Support: Disabled
 Compressed Oops: Enabled (Zero based)
 Heap Region Size: 2M
 Heap Min Capacity: 8M
 Heap Initial Capacity: 246M
 Heap Max Capacity: 3936M
 Pre-touch: Disabled
 Parallel Workers: 8
 Concurrent Workers: 2
 Concurrent Refinement Workers: 8
 Periodic GC: Disabled
Heap:
 garbage-first heap   total 147456K, used 16053K [0x000000070a000000, 0x0000000800000000)
  region size 2048K, 2 young (4096K), 1 survivors (2048K)
 Metaspace       used 35684K, committed 36032K, reserved 1081344K
  class space    used 3793K, committed 3968K, reserved 1048576K
GC Heap History (18 events):
Event: 1.105 GC heap before
{Heap before GC invocations=0 (full 0):
 garbage-first heap   total 251904K, used 22528K [0x000000070a000000, 0x0000000800000000)
  region size 2048K, 11 young (22528K), 0 survivors (0K)
 Metaspace       used 13953K, committed 14080K, reserved 1064960K
  class space    used 1310K, committed 1408K, reserved 1048576K
}
Event: 1.111 GC heap after
{Heap after GC invocations=1 (full 0):
 garbage-first heap   total 251904K, used 4667K [0x000000070a000000, 0x0000000800000000)
  region size 2048K, 2 young (4096K), 2 survivors (4096K)
 Metaspace       used 13953K, committed 14080K, reserved 1064960K
  class space    used 1310K, committed 1408K, reserved 1048576K
}
Event: 1.761 GC heap before
{Heap before GC invocations=1 (full 0):
 garbage-first heap   total 251904K, used 31291K [0x000000070a000000, 0x0000000800000000)
  region size 2048K, 15 young (30720K), 2 survivors (4096K)
 Metaspace       used 17631K, committed 17792K, reserved 1064960K
  class space    used 1774K, committed 1856K, reserved 1048576K
}
Event: 1.767 GC heap after
{Heap after GC invocations=2 (full 0):
 garbage-first heap   total 251904K, used 6279K [0x000000070a000000, 0x0000000800000000)
  region size 2048K, 1 young (2048K), 1 survivors (2048K)
 Metaspace       used 17631K, committed 17792K, reserved 1064960K
  class space    used 1774K, committed 1856K, reserved 1048576K
}
Event: 2.330 GC heap before
{Heap before GC invocations=2 (full 0):
 garbage-first heap   total 251904K, used 22663K [0x000000070a000000, 0x0000000800000000)
  region size 2048K, 10 young (20480K), 1 survivors (2048K)
 Metaspace       used 21427K, committed 21504K, reserved 1073152K
  class space    used 2253K, committed 2304K, reserved 1048576K
}
Event: 2.334 GC heap after
{Heap after GC invocations=3 (full 0):
 garbage-first heap   total 251904K, used 7363K [0x000000070a000000, 0x0000000800000000)
  region size 2048K, 2 young (4096K), 2 survivors (4096K)
 Metaspace       used 21427K, committed 21504K, reserved 1073152K
  class space    used 2253K, committed 2304K, reserved 1048576K
}
Event: 2.698 GC heap before
{Heap before GC invocations=4 (full 0):
 garbage-first heap   total 40960K, used 25795K [0x000000070a000000, 0x0000000800000000)
  region size 2048K, 12 young (24576K), 2 survivors (4096K)
 Metaspace       used 22872K, committed 22976K, reserved 1073152K
  class space    used 2380K, committed 2432K, reserved 1048576K
}
Event: 2.704 GC heap after
{Heap after GC invocations=5 (full 0):
 garbage-first heap   total 40960K, used 8853K [0x000000070a000000, 0x0000000800000000)
  region size 2048K, 2 young (4096K), 2 survivors (4096K)
 Metaspace       used 22872K, committed 22976K, reserved 1073152K
  class space    used 2380K, committed 2432K, reserved 1048576K
}
Event: 2.730 GC heap before
{Heap before GC invocations=5 (full 0):
 garbage-first heap   total 40960K, used 10901K [0x000000070a000000, 0x0000000800000000)
  region size 2048K, 3 young (6144K), 2 survivors (4096K)
 Metaspace       used 22890K, committed 23040K, reserved 1073152K
  class space    used 2380K, committed 2432K, reserved 1048576K
}
Event: 2.735 GC heap after
{Heap after GC invocations=6 (full 0):
 garbage-first heap   total 40960K, used 9081K [0x000000070a000000, 0x0000000800000000)
  region size 2048K, 1 young (2048K), 1 survivors (2048K)
 Metaspace       used 22890K, committed 23040K, reserved 1073152K
  class space    used 2380K, committed 2432K, reserved 1048576K
}
Event: 2.982 GC heap before
{Heap before GC invocations=6 (full 0):
 garbage-first heap   total 40960K, used 25465K [0x000000070a000000, 0x0000000800000000)
  region size 2048K, 9 young (18432K), 1 survivors (2048K)
 Metaspace       used 23573K, committed 23808K, reserved 1073152K
  class space    used 2452K, committed 2560K, reserved 1048576K
}
Event: 2.985 GC heap after
{Heap after GC invocations=7 (full 0):
 garbage-first heap   total 40960K, used 9589K [0x000000070a000000, 0x0000000800000000)
  region size 2048K, 1 young (2048K), 1 survivors (2048K)
 Metaspace       used 23573K, committed 23808K, reserved 1073152K
  class space    used 2452K, committed 2560K, reserved 1048576K
}
Event: 3.184 GC heap before
{Heap before GC invocations=7 (full 0):
 garbage-first heap   total 40960K, used 28021K [0x000000070a000000, 0x0000000800000000)
  region size 2048K, 10 young (20480K), 1 survivors (2048K)
 Metaspace       used 23844K, committed 24064K, reserved 1073152K
  class space    used 2456K, committed 2560K, reserved 1048576K
}
Event: 3.188 GC heap after
{Heap after GC invocations=8 (full 0):
 garbage-first heap   total 147456K, used 10390K [0x000000070a000000, 0x0000000800000000)
  region size 2048K, 1 young (2048K), 1 survivors (2048K)
 Metaspace       used 23844K, committed 24064K, reserved 1073152K
  class space    used 2456K, committed 2560K, reserved 1048576K
}
Event: 4.739 GC heap before
{Heap before GC invocations=8 (full 0):
 garbage-first heap   total 147456K, used 96406K [0x000000070a000000, 0x0000000800000000)
  region size 2048K, 43 young (88064K), 1 survivors (2048K)
 Metaspace       used 34825K, committed 35136K, reserved 1081344K
  class space    used 3711K, committed 3840K, reserved 1048576K
}
Event: 4.750 GC heap after
{Heap after GC invocations=9 (full 0):
 garbage-first heap   total 147456K, used 17344K [0x000000070a000000, 0x0000000800000000)
  region size 2048K, 5 young (10240K), 5 survivors (10240K)
 Metaspace       used 34825K, committed 35136K, reserved 1081344K
  class space    used 3711K, committed 3840K, reserved 1048576K
}
Event: 7.795 GC heap before
{Heap before GC invocations=9 (full 0):
 garbage-first heap   total 147456K, used 25536K [0x000000070a000000, 0x0000000800000000)
  region size 2048K, 10 young (20480K), 5 survivors (10240K)
 Metaspace       used 35673K, committed 35968K, reserved 1081344K
  class space    used 3792K, committed 3968K, reserved 1048576K
}
Event: 7.804 GC heap after
{Heap after GC invocations=10 (full 0):
 garbage-first heap   total 147456K, used 16053K [0x000000070a000000, 0x0000000800000000)
  region size 2048K, 1 young (2048K), 1 survivors (2048K)
 Metaspace       used 35673K, committed 35968K, reserved 1081344K
  class space    used 3792K, committed 3968K, reserved 1048576K
}

